<?xml version="1.0" encoding="UTF-8"?>
<!-- Generated by org.testng.reporters.JUnitXMLReporter -->
<testsuite ignored="0" hostname="LAPTOP-BPHIKLG5" failures="1" tests="2" name="Firt My Test" time="0.117" errors="0" timestamp="2025-01-17T22:50:55 WIB">
  <testcase classname="com.testsqa.CalculatorTest" name="addTest" time="0.017">
    <failure type="java.lang.AssertionError" message="expected [30] but found [200]">
      <![CDATA[java.lang.AssertionError: expected [30] but found [200]
at com.testsqa.CalculatorTest.addTest(CalculatorTest.java:15)
at java.base/java.util.ArrayList.forEach(ArrayList.java:1511)
... Removed 38 stack frames]]>
    </failure>
  </testcase> <!-- addTest -->
  <testcase classname="com.testsqa.CalculatorTest" name="subTest" time="0.0"/>
</testsuite> <!-- Firt My Test -->
